make all --print-data-base --no-builtin-variables --no-builtin-rules --question
# GNU Make 3.81
# Copyright (C) 2006  Free Software Foundation, Inc.
# This is free software; see the source for copying conditions.
# There is NO warranty; not even for MERCHANTABILITY or FITNESS FOR A
# PARTICULAR PURPOSE.

# This program built for i386-apple-darwin11.3.0
 

# Make data base, printed on Sun Aug 21 14:42:33 2022

# Variables

# environment
VSCODE_GIT_ASKPASS_MAIN = /Applications/Visual Studio Code.app/Contents/Resources/app/extensions/git/dist/askpass-main.js
# automatic
<D = $(patsubst %/,%,$(dir $<))
# automatic
?F = $(notdir $?)
# environment
ELECTRON_NO_ATTACH_CONSOLE = 1
# makefile (from `Makefile', line 53)
TARGET = wasm32-unknown-unknown
# automatic
?D = $(patsubst %/,%,$(dir $?))
# automatic
@D = $(patsubst %/,%,$(dir $@))
# automatic
@F = $(notdir $@)
# makefile
CURDIR := /Users/fshaikh/Developer/component-text-log-parser/component-text-log-parser
# makefile (from `Makefile', line 16)
SHELL := bash
# environment
PROMPT_EOL_MARK = 
# environment
VSCODE_NLS_CONFIG = {"locale":"en-us","availableLanguages":{},"_languagePackSupport":true}
# environment
_ = /usr/bin/make
# makefile (from `Makefile', line 1)
MAKEFILE_LIST :=  Makefile
# environment
DOCKER_USERNAME = fawadcandle
# environment
VSCODE_INJECTION = 1
# makefile (from `Makefile', line 30)
CRATE_FS_NAME := text_log_parser
# makefile (from `Makefile', line 33)
CRATE_VERSION := 0.1.0
# environment
__CFBundleIdentifier = com.microsoft.VSCode
# environment
INFOPATH = /opt/homebrew/share/info:/opt/homebrew/share/info:
# environment
PULUMI_CONFIG_PASSPHRASE = WhbYAfgLWEjq8od28hpb
# environment
VSCODE_CWD = /Users/fshaikh/Developer/component-text-log-parser/component-text-log-parser
# makefile (from `Makefile', line 48)
CMD_CODEGEN := wasmflow-codegen
# environment
OCI_USERNAME = fawadasaurus
# environment
PATH = /Users/fshaikh/.wasmflow/bin:/opt/homebrew/bin:/opt/homebrew/sbin:/usr/local/bin:/usr/bin:/bin:/usr/sbin:/sbin:/Users/fshaikh/.wasmflow/bin:/opt/homebrew/bin:/opt/homebrew/sbin:/Users/fshaikh/.cargo/bin
# makefile (from `Makefile', line 107)
COLOR_GREEN := \033[92m
# environment
LSCOLORS = Gxfxcxdxbxegedabagacad
# environment
ZDOTDIR = /var/folders/sw/lp7r36617yjbtmzgk45sg3ww0000gn/T/vscode-zsh
# environment
ELECTRON_RUN_AS_NODE = 1
# environment
KUBECONFIG = /Users/fshaikh/.kube/config
# default
.FEATURES := target-specific order-only second-expansion else-if archives jobserver check-symlink
# environment
SSH_AUTH_SOCK = /private/tmp/com.apple.launchd.ySjapgRCRG/Listeners
# automatic
%F = $(notdir $%)
# makefile (from `Makefile', line 49)
CMD_WAFL = wafl
 
# makefile (from `Makefile', line 108)
COLOR_RED := \033[91m
# environment
SQLITE_EXEMPT_PATH_FROM_VNODE_GUARDS = /Users/fshaikh/Library/WebKit/Databases
# makefile (from `Makefile', line 35)
WORKSPACE_ROOT := /Users/fshaikh/Developer/component-text-log-parser/component-text-log-parser
# environment
PWD = /Users/fshaikh/Developer/component-text-log-parser/component-text-log-parser
# environment
HOMEBREW_CELLAR = /opt/homebrew/Cellar
# environment
ORIGINAL_XDG_CURRENT_DESKTOP = undefined
# environment
MANPATH = /opt/homebrew/share/man:/usr/share/man:/usr/local/share/man:/opt/homebrew/share/man:
# environment
VSCODE_AMD_ENTRYPOINT = vs/workbench/api/node/extensionHostProcess
# environment
HOME = /Users/fshaikh
# environment
AZURE_STORAGE_KEY = r94op1p25W+kU6cXXSmNW1peK/k66/NlV/ZfhX3XE8+2UL67aLVTFugnXPN9kO1ennkxCKN4zJ52+AStfJXHTA==
# default
MAKEFILEPATH = $(shell /usr/bin/xcode-select -print-path 2>/dev/null || echo /Developer)/Makefiles
# environment
VSCODE_CLI = 1
# environment
VSCODE_CODE_CACHE_PATH = /Users/fshaikh/Library/Application Support/Code/CachedData/6d9b74a70ca9c7733b29f0456fd8195364076dda
# environment
LOGNAME = fshaikh
# environment
APPLICATION_INSIGHTS_NO_DIAGNOSTIC_CHANNEL = true
# environment
ZSH = /Users/fshaikh/.oh-my-zsh
# environment
VSCODE_HANDLES_UNCAUGHT_ERRORS = true
# automatic
^D = $(patsubst %/,%,$(dir $^))
# makefile (from `Makefile', line 17)
MKDIR := mkdir -p
# environment
AZURE_STORAGE_ACCOUNT = candleiac
# environment
MAKELEVEL := 0
# environment
OCI_PASSWORD = 26ua65dfesjqUw2CmvENysB9NdfGCb34
# environment
XPC_FLAGS = 0x0
# environment
COLORTERM = truecolor
# default
MAKE = $(MAKE_COMMAND)
# environment
LC_TERMINAL = iTerm2
# environment
SHLVL = 5
# makefile (from `Makefile', line 43)
BUILD_DIR := build/
# default
MAKE_VERSION := 3.81
# makefile (from `Makefile', line 39)
GENERATED_MODULE := ./src/components.rs 
# environment
USER = fshaikh
# makefile (from `Makefile', line 3)
.DEFAULT_GOAL := all
# default
MAKECMDGOALS := all
# environment
TERM_SESSION_ID = w0t4p0:AB153C0F-796B-4B3B-8A28-7B4F99E50A87
# makefile (from `Makefile', line 41)
INTERFACE_JSON := ./interface.json
# environment
LESS = -R
# automatic
%D = $(patsubst %/,%,$(dir $%))
# environment
DOCKER_PASSWORD = 1d43a7e2-0dde-45d8-9e6b-0d4800a8fdd8
# makefile (from `Makefile', line 56)
WELLKNOWN = 
# default
MAKE_COMMAND := /Library/Developer/CommandLineTools/usr/bin/make
# makefile (from `Makefile', line 55)
STATEFUL = 
# environment
VSCODE_GIT_ASKPASS_EXTRA_ARGS = --ms-enable-electron-run-as-node
# environment
TERM_PROGRAM = vscode
# default
.VARIABLES := 
# makefile (from `Makefile', line 109)
COLOR_OFF = \033[0m
# environment
TMPDIR = /var/folders/sw/lp7r36617yjbtmzgk45sg3ww0000gn/T/
# automatic
*F = $(notdir $*)
# makefile (from `Makefile', line 8)
_OS := ""
# environment
VSCODE_IPC_HOOK = /Users/fshaikh/Library/Application Support/Code/1.70.1-main.sock
# environment
VSCODE_GIT_ASKPASS_NODE = /Applications/Visual Studio Code.app/Contents/Frameworks/Code Helper.app/Contents/MacOS/Code Helper
# environment
MallocNanoZone = 0
# makefile
MAKEFLAGS =  --warn-undefined-variables -Rrqp
# environment
MFLAGS = - --warn-undefined-variables -Rrqp
# automatic
*D = $(patsubst %/,%,$(dir $*))
# environment
TERM_PROGRAM_VERSION = 1.70.1
# makefile (from `Makefile', line 18)
.SHELLFLAGS := -eu -o pipefail -c
# environment
XPC_SERVICE_NAME = application.com.microsoft.VSCode.9628359.9628365.22BE6A9B-8BF7-4993-B8B9-2E8652EEE8F4
# environment
LC_TERMINAL_VERSION = 3.4.16
# environment
HOMEBREW_PREFIX = /opt/homebrew
# automatic
+D = $(patsubst %/,%,$(dir $+))
# automatic
+F = $(notdir $+)
# environment
ITERM_SESSION_ID = w0t4p0:AB153C0F-796B-4B3B-8A28-7B4F99E50A87
# environment
HOMEBREW_REPOSITORY = /opt/homebrew
# environment
COLORFGBG = 15;0
# environment
__CF_USER_TEXT_ENCODING = 0x1F5:0x0:0x0
# environment
COMMAND_MODE = unix2003
# environment
GIT_ASKPASS = /Applications/Visual Studio Code.app/Contents/Resources/app/extensions/git/dist/askpass.sh
# default
MAKEFILES := 
# automatic
<F = $(notdir $<)
# environment
ITERM_PROFILE = Default
# environment
PAGER = less
# environment
LC_ALL = C
# environment
CONDA_CHANGEPS1 = no
# environment
VIRTUAL_ENV_DISABLE_PROMPT = 12
# automatic
^F = $(notdir $^)
# default
SUFFIXES := 
# environment
AZURE_KEYVAULT_AUTH_VIA_CLI = true
# environment
VSCODE_GIT_IPC_HANDLE = /var/folders/sw/lp7r36617yjbtmzgk45sg3ww0000gn/T/vscode-git-bebcdb02f9.sock
# makefile (from `Makefile', line 54)
REV = 0
# environment
LANG = C
# environment
TERM = xterm-256color
# makefile (from `Makefile', line 27)
CRATE_NAME := text-log-parser
# environment
VSCODE_PID = 32663
# variable set hash-table stats:
# Load=117/1024=11%, Rehash=0, Collisions=10/168=6%

# Pattern-specific Variable Values

# No pattern-specific variable values.

# Directories

# . (device 16777232, inode 10379108): 15 files, no impossibilities.

# 15 files, no impossibilities in 1 directories.

# Implicit Rules

# No implicit rules.

# Files

src/components.rs: interface.json
#  Implicit rule search has not been done.
#  Last modified 2022-08-21 14:25:34
#  File has been updated.
#  Successfully updated.
#  commands to execute (from `Makefile', line 84):
	$(CMD_CODEGEN) rust integration $(INTERFACE_JSON) $(STATEFUL) $(WELLKNOWN) -f -o $@
	

all: build
#  Phony target (prerequisite of .PHONY).
#  Command-line target.
#  Implicit rule search has not been done.
#  File does not exist.
#  File has been updated.
#  Needs to be updated (-q is set).
# variable set hash-table stats:
# Load=0/32=0%, Rehash=0, Collisions=0/7=0%

.PHONY: all check clean codegen doc build test help debug
#  Implicit rule search has not been done.
#  Modification time never checked.
#  File has not been updated.

# Not a target:
.SUFFIXES:
#  Implicit rule search has not been done.
#  Modification time never checked.
#  File has not been updated.

# Not a target:
Makefile:
#  Implicit rule search has been done.
#  Last modified 2022-08-20 17:14:04
#  File has been updated.
#  Successfully updated.
# variable set hash-table stats:
# Load=0/32=0%, Rehash=0, Collisions=0/0=0%

debug:
#  Phony target (prerequisite of .PHONY).
#  Implicit rule search has not been done.
#  File does not exist.
#  File has not been updated.
#  commands to execute (from `Makefile', line 113):
	@echo -e "$(COLOR_GREEN)Crate name:$(COLOR_OFF) '$(CRATE_NAME)'"
	@echo -e "$(COLOR_GREEN)Crate name (fs):$(COLOR_OFF) '$(CRATE_FS_NAME)'"
	@echo -e "$(COLOR_GREEN)Crate version:$(COLOR_OFF) '$(CRATE_VERSION)'"
	@echo -e "$(COLOR_GREEN)Workspace root:$(COLOR_OFF) '$(WORKSPACE_ROOT)'"
	

test: build
#  Phony target (prerequisite of .PHONY).
#  Implicit rule search has not been done.
#  File does not exist.
#  File has not been updated.
#  commands to execute (from `Makefile', line 99):
	cargo test
	

build: codegen
#  Phony target (prerequisite of .PHONY).
#  Implicit rule search has not been done.
#  File does not exist.
#  File has been updated.
#  Needs to be updated (-q is set).
# variable set hash-table stats:
# Load=0/32=0%, Rehash=0, Collisions=0/7=0%
#  commands to execute (from `Makefile', line 91):
	@$(MKDIR) $(BUILD_DIR)
	cargo build --target $(TARGET) --release
	cp $(WORKSPACE_ROOT)/target/$(TARGET)/release/$(CRATE_FS_NAME).wasm $(BUILD_DIR)/
	$(CMD_WAFL) wasm sign $(BUILD_DIR)/$(CRATE_FS_NAME).wasm $(INTERFACE_JSON) --ver=$(CRATE_VERSION) --rev=$(REV)
	@echo Signed artifacts located at: $$(ls $(BUILD_DIR)*signed*)
	

help:
#  Phony target (prerequisite of .PHONY).
#  Implicit rule search has not been done.
#  File does not exist.
#  File has not been updated.
#  commands to execute (from `Makefile', line 105):
	@awk 'BEGIN {FS = ":.*##"; printf "\nUsage:\n  make \033[36m<task>\033[0m\n"} /^[a-zA-Z0-9_\-.*]+:.*?##/ { printf "  \033[36m%-32s\033[0m %s\n", $$1, $$2 } /^##@/ { printf "\n\033[1m%s\033[0m\n", substr($$0, 5) } ' $(MAKEFILE_LIST)
	

# Not a target:
.DEFAULT:
#  Implicit rule search has not been done.
#  Modification time never checked.
#  File has not been updated.

clean:
#  Phony target (prerequisite of .PHONY).
#  Implicit rule search has not been done.
#  File does not exist.
#  File has not been updated.
 
#  commands to execute (from `Makefile', line 69):
	rm -f $(BUILD_DIR)/*
	rm -f $(GENERATED_MODULE)
	rm -f $(INTERFACE_JSON)
	

codegen: interface.json src/components.rs
#  Phony target (prerequisite of .PHONY).
#  Implicit rule search has not been done.
#  Implicit/static pattern stem: `'
#  File does not exist.
#  File has been updated.
#  Needs to be updated (-q is set).
# automatic
# @ := codegen
# automatic
# % := 
# automatic
# * := 
# automatic
# + := interface.json src/components.rs
# automatic
# | := 
# automatic
# < := interface.json
# automatic
# ^ := interface.json src/components.rs
# automatic
# ? := interface.json src/components.rs
# variable set hash-table stats:
# Load=8/32=25%, Rehash=0, Collisions=1/15=7%
#  commands to execute (from `Makefile', line 75):
	@$(MKDIR) ./src/components
	$(CMD_CODEGEN) rust component $(INTERFACE_JSON) --all $(STATEFUL) $(WELLKNOWN) -o ./src/components
	@cargo +nightly fmt
	

interface.json: schemas
#  Implicit rule search has not been done.
#  Last modified 2022-08-21 14:25:34
#  File has been updated.
#  Successfully updated.
# variable set hash-table stats:
# Load=0/32=0%, Rehash=0, Collisions=0/0=0%
#  commands to execute (from `Makefile', line 87):
	$(CMD_CODEGEN) json interface "$(CRATE_NAME)" ./schemas -o $@ -f
	

check:
#  Phony target (prerequisite of .PHONY).
#  Implicit rule search has not been done.
#  File does not exist.
#  File has not been updated.
#  commands to execute (from `Makefile', line 65):
	cargo check --target=$(TARGET)
	

doc:
#  Phony target (prerequisite of .PHONY).
#  Implicit rule search has not been done.
#  File does not exist.
#  File has not been updated.
#  commands to execute (from `Makefile', line 81):
	@echo Unimplemented
	

# Not a target:
schemas:
#  Implicit rule search has been done.
#  Last modified 2022-08-20 17:14:14
#  File has been updated.
#  Successfully updated.
# variable set hash-table stats:
# Load=0/32=0%, Rehash=0, Collisions=0/0=0%

# files hash-table stats:
# Load=16/1024=2%, Rehash=0, Collisions=0/54=0%
# VPATH Search Paths

# No `vpath' search paths.

# No general (`VPATH' variable) search path.

# # of strings in strcache: 1
# # of strcache buffers: 1
# strcache size: total = 4096 / max = 4096 / min = 4096 / avg = 4096
# strcache free: total = 4087 / max = 4087 / min = 4087 / avg = 4087

# Finished Make data base on Sun Aug 21 14:42:33 2022

 
